#
# There is insufficient memory for the Java Runtime Environment to continue.
# Native memory allocation (mmap) failed to map 268435456 bytes for Failed to commit area from 0x0000000701c00000 to 0x0000000711c00000 of length 268435456.
# Possible reasons:
#   The system is out of physical RAM or swap space
#   The process is running with CompressedOops enabled, and the Java Heap may be blocking the growth of the native heap
# Possible solutions:
#   Reduce memory load on the system
#   Increase physical memory or swap space
#   Check if swap backing store is full
#   Decrease Java heap size (-Xmx/-Xms)
#   Decrease number of Java threads
#   Decrease Java thread stack sizes (-Xss)
#   Set larger code cache with -XX:ReservedCodeCacheSize=
# This output file may be truncated or incomplete.
#
#  Out of Memory Error (c:/BuildAgent/work/5ff2f6c26000d570/src/hotspot/os/windows/os_windows.cpp:3296), pid=23068, tid=25008
#
# JRE version:  (11.0.6+8) (build )
# Java VM: OpenJDK 64-Bit Server VM (11.0.6+8-b520.43, mixed mode, sharing, tiered, compressed oops, g1 gc, windows-amd64)
# No core dump will be written. Minidumps are not enabled by default on client versions of Windows
#

---------------  S U M M A R Y ------------

Command Line: org.jetbrains.git4idea.http.GitAskPassApp Username for 'https://github.com': 

Host: Intel(R) Core(TM) i7-8550U CPU @ 1.80GHz, 8 cores, 15G,  Windows 10 , 64 bit Build 18362 (10.0.18362.1110)
Time: Sat Nov 21 17:49:38 2020 ?D1ú±ê×?ê±?? elapsed time: 0 seconds (0d 0h 0m 0s)

---------------  T H R E A D  ---------------

Current thread (0x000001c308d90000):  JavaThread "Unknown thread" [_thread_in_vm, id=25008, stack(0x0000008fd8f00000,0x0000008fd9000000)]

Stack: [0x0000008fd8f00000,0x0000008fd9000000]
Native frames: (J=compiled Java code, j=interpreted, Vv=VM code, C=native code)
V  [jvm.dll+0x5de31a]
V  [jvm.dll+0x710ae5]
V  [jvm.dll+0x712005]
V  [jvm.dll+0x7126b3]
V  [jvm.dll+0x23e3a8]
V  [jvm.dll+0x5db814]
V  [jvm.dll+0x5d0a35]
V  [jvm.dll+0x2faeeb]
V  [jvm.dll+0x2fae5a]
V  [jvm.dll+0x2fad32]
V  [jvm.dll+0x2ffc06]
V  [jvm.dll+0x348483]
V  [jvm.dll+0x348b86]
V  [jvm.dll+0x348583]
V  [jvm.dll+0x2d57b8]
V  [jvm.dll+0x2d6957]
V  [jvm.dll+0x6ef8a7]
V  [jvm.dll+0x6f109c]
V  [jvm.dll+0x355a79]
V  [jvm.dll+0x6d49ee]
V  [jvm.dll+0x3bf0a3]
V  [jvm.dll+0x3c15c1]
C  [jli.dll+0x5363]
C  [ucrtbase.dll+0x210b2]
C  [KERNEL32.DLL+0x17c24]
C  [ntdll.dll+0x6d4d1]


---------------  P R O C E S S  ---------------

Threads class SMR info:
_java_thread_list=0x000001c306b884a0, length=0, elements={
}

Java Threads: ( => current thread )

Other Threads:
  0x000001c308dad000 GCTaskThread "GC Thread#0" [stack: 0x0000008fd9000000,0x0000008fd9100000] [id=30312]
  0x000001c308e0c800 ConcurrentGCThread "G1 Main Marker" [stack: 0x0000008fd9100000,0x0000008fd9200000] [id=14040]
  0x000001c308e0d800 ConcurrentGCThread "G1 Conc#0" [stack: 0x0000008fd9200000,0x0000008fd9300000] [id=25044]

[error occurred during error reporting (printing all threads), id 0xc0000005, EXCEPTION_ACCESS_VIOLATION (0xc0000005) at pc=0x00007ffbcb206027]

VM state:not at safepoint (not fully initialized)

VM Mutex/Monitor currently owned by a thread:  ([mutex/lock_event])
[0x000001c308d8ddd0] Heap_lock - owner thread: 0x000001c308d90000

Heap address: 0x0000000701c00000, size: 4068 MB, Compressed Oops mode: Non-zero based: 0x0000000701c00000
Narrow klass base: 0x0000000000000000, Narrow klass shift: 0

GC Heap History (0 events):
No events

Deoptimization events (0 events):
No events

Classes redefined (0 events):
No events

Internal exceptions (0 events):
No events

Events (2 events):
Event: 0.016 Loaded shared library D:\MyDeveTool\idea\IntelliJ IDEA 2019.3.4\jbr\bin\zip.dll
Event: 0.017 Loaded shared library D:\MyDeveTool\idea\IntelliJ IDEA 2019.3.4\jbr\bin\jimage.dll


Dynamic libraries:
0x00007ff61f7d0000 - 0x00007ff61f7da000 	D:\MyDeveTool\idea\IntelliJ IDEA 2019.3.4\jbr\bin\java.exe
0x00007ffc0cfc0000 - 0x00007ffc0d1b0000 	C:\WINDOWS\SYSTEM32\ntdll.dll
0x00007ffc0ba70000 - 0x00007ffc0bb22000 	C:\WINDOWS\System32\KERNEL32.DLL
0x00007ffc0abe0000 - 0x00007ffc0ae85000 	C:\WINDOWS\System32\KERNELBASE.dll
0x00007ffc0ae90000 - 0x00007ffc0af8a000 	C:\WINDOWS\System32\ucrtbase.dll
0x00007ffbfae60000 - 0x00007ffbfae79000 	D:\MyDeveTool\idea\IntelliJ IDEA 2019.3.4\jbr\bin\jli.dll
0x00007ffbff980000 - 0x00007ffbff997000 	D:\MyDeveTool\idea\IntelliJ IDEA 2019.3.4\jbr\bin\VCRUNTIME140.dll
0x00007ffc0b640000 - 0x00007ffc0b7d4000 	C:\WINDOWS\System32\USER32.dll
0x00007ffc0a940000 - 0x00007ffc0a961000 	C:\WINDOWS\System32\win32u.dll
0x00007ffbfc940000 - 0x00007ffbfcbc4000 	C:\WINDOWS\WinSxS\amd64_microsoft.windows.common-controls_6595b64144ccf1df_6.0.18362.1198_none_9e820b57e45ad92f\COMCTL32.dll
0x00007ffc0ba40000 - 0x00007ffc0ba66000 	C:\WINDOWS\System32\GDI32.dll
0x00007ffc0b140000 - 0x00007ffc0b1de000 	C:\WINDOWS\System32\msvcrt.dll
0x00007ffc0a7a0000 - 0x00007ffc0a936000 	C:\WINDOWS\System32\gdi32full.dll
0x00007ffc0a6d0000 - 0x00007ffc0a76e000 	C:\WINDOWS\System32\msvcp_win.dll
0x00007ffc0cc40000 - 0x00007ffc0cf75000 	C:\WINDOWS\System32\combase.dll
0x00007ffc0b1e0000 - 0x00007ffc0b300000 	C:\WINDOWS\System32\RPCRT4.dll
0x00007ffc0aff0000 - 0x00007ffc0b070000 	C:\WINDOWS\System32\bcryptPrimitives.dll
0x00007ffc0bc70000 - 0x00007ffc0bc9e000 	C:\WINDOWS\System32\IMM32.DLL
0x00007ffbe8a50000 - 0x00007ffbe8aed000 	D:\MyDeveTool\idea\IntelliJ IDEA 2019.3.4\jbr\bin\msvcp140.dll
0x00007ffbcaf20000 - 0x00007ffbcb9dd000 	D:\MyDeveTool\idea\IntelliJ IDEA 2019.3.4\jbr\bin\server\jvm.dll
0x00007ffc0cb90000 - 0x00007ffc0cc33000 	C:\WINDOWS\System32\ADVAPI32.dll
0x00007ffc0c540000 - 0x00007ffc0c5d7000 	C:\WINDOWS\System32\sechost.dll
0x00007ffc0cb80000 - 0x00007ffc0cb88000 	C:\WINDOWS\System32\PSAPI.DLL
0x00007ffbf67e0000 - 0x00007ffbf67e9000 	C:\WINDOWS\SYSTEM32\WSOCK32.dll
0x00007ffc079f0000 - 0x00007ffc07a14000 	C:\WINDOWS\SYSTEM32\WINMM.dll
0x00007ffc0cab0000 - 0x00007ffc0cb1f000 	C:\WINDOWS\System32\WS2_32.dll
0x00007ffbfcbe0000 - 0x00007ffbfcbea000 	C:\WINDOWS\SYSTEM32\VERSION.dll
0x00007ffc07570000 - 0x00007ffc0759d000 	C:\WINDOWS\SYSTEM32\winmmbase.dll
0x00007ffc0aa40000 - 0x00007ffc0aa8a000 	C:\WINDOWS\System32\cfgmgr32.dll
0x00007ffc09e80000 - 0x00007ffc09e91000 	C:\WINDOWS\System32\kernel.appcore.dll
0x00007ffbfb5f0000 - 0x00007ffbfb601000 	D:\MyDeveTool\idea\IntelliJ IDEA 2019.3.4\jbr\bin\verify.dll
0x00007ffc08730000 - 0x00007ffc08924000 	C:\WINDOWS\SYSTEM32\DBGHELP.DLL
0x00007ffc01960000 - 0x00007ffc0198a000 	C:\WINDOWS\SYSTEM32\dbgcore.DLL
0x00007ffbe7630000 - 0x00007ffbe7659000 	D:\MyDeveTool\idea\IntelliJ IDEA 2019.3.4\jbr\bin\java.dll
0x00007ffbe7610000 - 0x00007ffbe7628000 	D:\MyDeveTool\idea\IntelliJ IDEA 2019.3.4\jbr\bin\zip.dll
0x00007ffbfb510000 - 0x00007ffbfb51b000 	D:\MyDeveTool\idea\IntelliJ IDEA 2019.3.4\jbr\bin\jimage.dll

dbghelp: loaded successfully - version: 4.0.5 - missing functions: none
symbol engine: initialized successfully - sym options: 0x614 - pdb path: .;D:\MyDeveTool\idea\IntelliJ IDEA 2019.3.4\jbr\bin;C:\WINDOWS\SYSTEM32;C:\WINDOWS\WinSxS\amd64_microsoft.windows.common-controls_6595b64144ccf1df_6.0.18362.1198_none_9e820b57e45ad92f;D:\MyDeveTool\idea\IntelliJ IDEA 2019.3.4\jbr\bin\server

VM Arguments:
java_command: org.jetbrains.git4idea.http.GitAskPassApp Username for 'https://github.com': 
java_class_path (initial): D:/MyDeveTool/idea/IntelliJ IDEA 2019.3.4/plugins/git4idea/lib/git4idea-rt.jar;D:/MyDeveTool/idea/IntelliJ IDEA 2019.3.4/lib/xmlrpc-2.0.1.jar;D:/MyDeveTool/idea/IntelliJ IDEA 2019.3.4/lib/commons-codec-1.13.jar;D:/MyDeveTool/idea/IntelliJ IDEA 2019.3.4/lib/util.jar
Launcher Type: SUN_STANDARD

[Global flags]
     intx CICompilerCount                          = 4                                         {product} {ergonomic}
     uint ConcGCThreads                            = 2                                         {product} {ergonomic}
     uint G1ConcRefinementThreads                  = 8                                         {product} {ergonomic}
   size_t G1HeapRegionSize                         = 1048576                                   {product} {ergonomic}
    uintx GCDrainStackTargetSize                   = 64                                        {product} {ergonomic}
   size_t InitialHeapSize                          = 268435456                                 {product} {ergonomic}
   size_t MarkStackSize                            = 4194304                                   {product} {ergonomic}
   size_t MaxHeapSize                              = 4265607168                                {product} {ergonomic}
   size_t MinHeapDeltaBytes                        = 1048576                                   {product} {ergonomic}
    uintx NonNMethodCodeHeapSize                   = 5836300                                {pd product} {ergonomic}
    uintx NonProfiledCodeHeapSize                  = 122910970                              {pd product} {ergonomic}
    uintx ProfiledCodeHeapSize                     = 122910970                              {pd product} {ergonomic}
    uintx ReservedCodeCacheSize                    = 251658240                              {pd product} {ergonomic}
     bool SegmentedCodeCache                       = true                                      {product} {ergonomic}
     bool UseCompressedClassPointers               = true                                 {lp64_product} {ergonomic}
     bool UseCompressedOops                        = true                                 {lp64_product} {ergonomic}
     bool UseG1GC                                  = true                                      {product} {ergonomic}
     bool UseLargePagesIndividualAllocation        = false                                  {pd product} {ergonomic}

Logging:
Log output configuration:
 #0: stdout all=warning uptime,level,tags
 #1: stderr all=off uptime,level,tags

Environment Variables:
JAVA_HOME=C:\Program Files\Java\jdk1.8.0_60
CLASSPATH=C:\Program Files\Java\jdk1.8.0_60\lib;C:\Program Files\Java\jdk1.8.0_60\lib\tools.jar;
PATH=D:/MyDeveTool/git/Git/mingw64/libexec/git-core;D:/MyDeveTool/git/Git/mingw64/libexec/git-core;D:\MyDeveTool\git\Git\mingw64\bin;D:\MyDeveTool\git\Git\usr\bin;C:\Users\小郝\bin;D:\MyDeveTool\xftp\;C:\Python38\Scripts\;C:\Python38\;C:\ProgramData\Oracle\Java\javapath;C:\Program Files (x86)\NetSarang\Xshell 6\;C:\Program Files (x86)\Intel\iCLS Client\;C:\Program Files\Intel\iCLS Client\;C:\Windows\system32;C:\Windows;C:\Windows\System32\Wbem;C:\Windows\System32\WindowsPowerShell\v1.0\;C:\Program Files (x86)\Intel\Intel(R) Management Engine Components\DAL;C:\Program Files\Intel\Intel(R) Management Engine Components\DAL;C:\Program Files (x86)\Intel\Intel(R) Management Engine Components\IPT;C:\Program Files\Intel\Intel(R) Management Engine Components\IPT;C:\Program Files\Intel\WiFi\bin\;C:\Program Files\Common Files\Intel\WirelessCommon\;C:\Program Files (x86)\NVIDIA Corporation\PhysX\Common;C:\WINDOWS\system32;C:\WINDOWS;C:\WINDOWS\System32\Wbem;C:\WINDOWS\System32\WindowsPowerShell\v1.0\;C:\WINDOWS\System32\OpenSSH\;C:\Program Files\Java\jdk1.8.0_60\bin\;C:\Program Files\Java\jdk1.8.0_60\jre\bin\;D:\MyDeveTool\maven\apache-maven-3.6.3\bin\;D:\MyDeveTool\git\Git\cmd;D:\MyDeveTool\redis\redis-6.0.4;D:\MyDeveTool\Erlang\erl-23.0\bin;D:\MyDeveTool\rabbitmq\rabbitmq_server-3.8.5\sbin;D:\MyDeveTool\Nodejs\;C:\ProgramData\chocolatey\bin;D:\MyDeveTool\mysql\mysql-5.7.32-winx64\bin;C:\Users\小郝\AppData\Local\Microsoft\WindowsApps;C:\Users\小郝\AppData\Roaming\npm
USERNAME=小郝
DISPLAY=:0.0
OS=Windows_NT
PROCESSOR_IDENTIFIER=Intel64 Family 6 Model 142 Stepping 10, GenuineIntel



---------------  S Y S T E M  ---------------

OS: Windows 10 , 64 bit Build 18362 (10.0.18362.1110)

CPU:total 8 (initial active 8) (4 cores per cpu, 2 threads per core) family 6 model 142 stepping 10, cmov, cx8, fxsr, mmx, sse, sse2, sse3, ssse3, sse4.1, sse4.2, popcnt, avx, avx2, aes, clmul, erms, 3dnowpref, lzcnt, ht, tsc, tscinvbit, bmi1, bmi2, adx, fma

Memory: 4k page, system-wide physical 16267M (3711M free)
TotalPageFile size 26507M (AvailPageFile size 33M)
current process WorkingSet (physical memory assigned to process): 10M, peak: 10M
current process commit charge ("private bytes"): 60M, peak: 316M

vm_info: OpenJDK 64-Bit Server VM (11.0.6+8-b520.43) for windows-amd64 JRE (11.0.6+8-b520.43), built on Feb  3 2020 14:18:56 by "" with MS VC++ 14.0 (VS2015)

END.
